Arguments: 
  C:\Program Files\nodejs\node.exe C:\Users\Pikao\scoop\apps\yarn\current\Yarn\bin\yarn.js add classnames

PATH: 
  C:\Users\Pikao\Documents\cmder\bin;C:\Users\Pikao\Documents\cmder\vendor\bin;C:\Users\Pikao\Documents\cmder\vendor\conemu-maximus5\ConEmu\Scripts;C:\Users\Pikao\Documents\cmder\vendor\conemu-maximus5;C:\Users\Pikao\Documents\cmder\vendor\conemu-maximus5\ConEmu;C:\Program Files (x86)\Razer\ChromaBroadcast\bin;C:\Program Files\Razer\ChromaBroadcast\bin;C:\Program Files (x86)\Microsoft SDKs\Azure\CLI2\wbin;C:\Program Files (x86)\Common Files\Oracle\Java\javapath;C:\Program Files (x86)\Common Files\Intel\Shared Libraries\redist\intel64\compiler;C:\Python39\Scripts\;C:\Python39\;C:\Python27\;C:\Python27\Scripts;C:\Windows\system32;C:\Windows;C:\Windows\System32\Wbem;C:\Windows\System32\WindowsPowerShell\v1.0\;C:\Windows\System32\OpenSSH\;C:\ProgramData\chocolatey\bin;C:\Program Files (x86)\NVIDIA Corporation\PhysX\Common;C:\Program Files\dotnet\;C:\WINDOWS\system32;C:\WINDOWS;C:\WINDOWS\System32\Wbem;C:\WINDOWS\System32\WindowsPowerShell\v1.0\;C:\WINDOWS\System32\OpenSSH\;C:\Program Files\Calibre2\;C:\WINDOWS\system32\config\systemprofile\AppData\Local\Microsoft\WindowsApps;C:\Program Files\NVIDIA Corporation\NVIDIA NvDLISR;C:\Program Files\nodejs\;C:\Program Files\Docker\Docker\resources\bin;%PNPM_HOME%;C:\Users\Pikao\.amplify\bin;C:\Users\Pikao\scoop\apps\yarn\current\Yarn\bin;C:\Users\Pikao\scoop\apps\yarn\current\global\node_modules\.bin;C:\Users\Pikao\scoop\shims;C:\Users\Pikao\AppData\Local\Microsoft\WindowsApps;C:\Users\Pikao\AppData\Local\Programs\Microsoft VS Code\bin;C:\Program Files\heroku\bin;C:\Users\Pikao\AppData\Local\Microsoft\WindowsApps;C:\Users\Pikao\AppData\Local\nvs\;C:\Users\Pikao\AppData\Local\JetBrains\Toolbox\scripts;C:\Users\Pikao\AppData\Roaming\npm;C:\Users\Pikao\Documents\cmder\vendor\git-for-windows\cmd;C:\Users\Pikao\Documents\cmder\vendor\git-for-windows\mingw64\bin;C:\Users\Pikao\Documents\cmder\vendor\git-for-windows\usr\bin;C:\Users\Pikao\Documents\cmder

Yarn version: 
  1.22.4

Node version: 
  18.15.0

Platform: 
  win32 x64

Trace: 
  Error: ENOENT: no such file or directory, copyfile 'C:\Users\Pikao\scoop\apps\yarn\current\cache\v6\npm-glob-parent-6.0.2-6d237d99083950c79290f24c7642a3de9a28f9e3-integrity\node_modules\glob-parent\LICENSE' -> 'C:\Users\Pikao\repos\dandd\otari-news\node_modules\eslint\node_modules\glob-parent\LICENSE'

npm manifest: 
  {
    "private": true,
    "type": "module",
    "scripts": {
      "dev": "vite dev",
      "build": "vite build",
      "package": "svelte-kit package",
      "preview": "vite preview",
      "check": "svelte-check --tsconfig ./jsconfig.json",
      "check:watch": "svelte-check --tsconfig ./jsconfig.json --watch",
      "lint": "prettier --check .",
      "format": "prettier --write ."
    },
    "devDependencies": {
      "@sveltejs/adapter-auto": "2.0.0",
      "@sveltejs/kit": "1.5.0",
      "autoprefixer": "^10.4.14",
      "carbon-components-svelte": "^0.73.5",
      "eslint": "^8.44.0",
      "eslint-config-prettier": "8.6.0",
      "node-sass": "8.0.0",
      "postcss": "^8.4.25",
      "postcss-load-config": "4.0.1",
      "prettier": "2.8.3",
      "prettier-plugin-svelte": "2.9.0",
      "prettier-plugin-tailwindcss": "0.2.2",
      "svelte": "3.55.1",
      "svelte-preprocess": "^5.0.4",
      "tailwindcss": "^3.3.2",
      "vite": "^4.4.2"
    },
    "dependencies": {
      "@supabase/supabase-js": "^2.26.0",
      "firebase": "^9.23.0"
    }
  }

yarn manifest: 
  No manifest

Lockfile: 
  No lockfile
